{"level":"info","message":"User registered successfully: SivamaheshAllam"}
{"level":"info","message":"Email already exists and length is: 2"}
{"level":"info","message":"Email already exists and length is: 1"}
{"level":"info","message":"Email already exists and length is: 2"}
{"level":"info","message":"Email available and length is: 0"}
{"level":"info","message":"Email available and length is: 0"}
{"level":"info","message":"Email available and length is: 0"}
{"level":"info","message":"Email available and length is: 0"}
{"level":"info","message":"Email available and length is: 0"}
{"level":"info","message":"Email available and length is: 0"}
{"level":"info","message":"Email available and length is: 0"}
{"level":"info","message":"Email available and length is: 0"}
{"level":"info","message":"Email available and length is: 0"}
{"level":"info","message":"Email available and length is: 0"}
{"level":"info","message":"Email already exists and length is: 2"}
{"level":"error","message":"Error in user Login: Email id not Found"}
{"level":"info","message":"User registered successfully:SivamaheshAllam"}
{"level":"error","message":"Error in user Login: Email id not Found"}
{"level":"error","message":"Error in user Login: Email id not Found"}
{"level":"info","message":"User registered successfully:SivamaheshAllam"}
